\BOOKMARK [0][-]{chapter*.4}{\376\377\000A\000g\000r\000a\000d\000e\000c\000i\000m\000i\000e\000n\000t\000o\000s}{}% 1
\BOOKMARK [0][-]{chapter*.5}{\376\377\000R\000e\000s\000u\000m\000e\000n\000\040\000E\000j\000e\000c\000u\000t\000i\000v\000o}{}% 2
\BOOKMARK [0][-]{chapter.1}{\376\377\000I\000n\000t\000r\000o\000d\000u\000c\000c\000i\000\363\000n}{}% 3
\BOOKMARK [1][-]{section.1.1}{\376\377\000C\000o\000n\000t\000e\000x\000t\000o\000\040\000I\000n\000d\000u\000s\000t\000r\000i\000a\000l}{chapter.1}% 4
\BOOKMARK [1][-]{section.1.2}{\376\377\000P\000r\000o\000b\000l\000e\000m\000\341\000t\000i\000c\000a}{chapter.1}% 5
\BOOKMARK [1][-]{section.1.3}{\376\377\000S\000o\000l\000u\000c\000i\000\363\000n\000\040\000P\000r\000o\000p\000u\000e\000s\000t\000a}{chapter.1}% 6
\BOOKMARK [1][-]{section.1.4}{\376\377\000A\000l\000c\000a\000n\000c\000e\000\040\000d\000e\000l\000\040\000D\000o\000c\000u\000m\000e\000n\000t\000o}{chapter.1}% 7
\BOOKMARK [0][-]{chapter.2}{\376\377\000F\000u\000n\000d\000a\000m\000e\000n\000t\000o\000s\000\040\000T\000e\000\363\000r\000i\000c\000o\000s}{}% 8
\BOOKMARK [1][-]{section.2.1}{\376\377\000P\000r\000o\000p\000i\000e\000d\000a\000d\000e\000s\000\040\000d\000e\000\040\000l\000a\000\040\000B\000i\000o\000m\000a\000s\000a}{chapter.2}% 9
\BOOKMARK [2][-]{subsection.2.1.1}{\376\377\000C\000o\000m\000p\000o\000s\000i\000c\000i\000o\000n\000\040\000E\000l\000e\000m\000e\000n\000t\000a\000l}{section.2.1}% 10
\BOOKMARK [2][-]{subsection.2.1.2}{\376\377\000C\000o\000n\000v\000e\000r\000s\000i\000\363\000n\000\040\000a\000\040\000B\000a\000s\000e\000\040\000H\000\372\000m\000e\000d\000a}{section.2.1}% 11
\BOOKMARK [1][-]{section.2.2}{\376\377\000P\000o\000d\000e\000r\000\040\000C\000a\000l\000o\000r\000\355\000f\000i\000c\000o}{chapter.2}% 12
\BOOKMARK [2][-]{subsection.2.2.1}{\376\377\000P\000o\000d\000e\000r\000\040\000C\000a\000l\000o\000r\000\355\000f\000i\000c\000o\000\040\000S\000u\000p\000e\000r\000i\000o\000r\000\040\000\050\000P\000C\000S\000\051}{section.2.2}% 13
\BOOKMARK [2][-]{subsection.2.2.2}{\376\377\000P\000o\000d\000e\000r\000\040\000C\000a\000l\000o\000r\000\355\000f\000i\000c\000o\000\040\000I\000n\000f\000e\000r\000i\000o\000r\000\040\000\050\000P\000C\000I\000\051}{section.2.2}% 14
\BOOKMARK [1][-]{section.2.3}{\376\377\000E\000s\000t\000e\000q\000u\000i\000o\000m\000e\000t\000r\000\355\000a\000\040\000d\000e\000\040\000l\000a\000\040\000C\000o\000m\000b\000u\000s\000t\000i\000\363\000n}{chapter.2}% 15
\BOOKMARK [2][-]{subsection.2.3.1}{\376\377\000R\000e\000a\000c\000c\000i\000o\000n\000e\000s\000\040\000F\000u\000n\000d\000a\000m\000e\000n\000t\000a\000l\000e\000s}{section.2.3}% 16
\BOOKMARK [2][-]{subsection.2.3.2}{\376\377\000A\000i\000r\000e\000\040\000T\000e\000\363\000r\000i\000c\000o\000\040\000R\000e\000q\000u\000e\000r\000i\000d\000o}{section.2.3}% 17
\BOOKMARK [2][-]{subsection.2.3.3}{\376\377\000A\000i\000r\000e\000\040\000c\000o\000n\000\040\000E\000x\000c\000e\000s\000o}{section.2.3}% 18
\BOOKMARK [1][-]{section.2.4}{\376\377\000C\000o\000n\000d\000i\000c\000i\000o\000n\000e\000s\000\040\000A\000t\000m\000o\000s\000f\000\351\000r\000i\000c\000a\000s}{chapter.2}% 19
\BOOKMARK [2][-]{subsection.2.4.1}{\376\377\000E\000f\000e\000c\000t\000o\000s\000\040\000d\000e\000\040\000l\000a\000\040\000A\000l\000t\000i\000t\000u\000d}{section.2.4}% 20
\BOOKMARK [2][-]{subsection.2.4.2}{\376\377\000H\000u\000m\000e\000d\000a\000d\000\040\000d\000e\000l\000\040\000A\000i\000r\000e}{section.2.4}% 21
\BOOKMARK [1][-]{section.2.5}{\376\377\000B\000a\000l\000a\000n\000c\000e\000\040\000d\000e\000\040\000E\000n\000e\000r\000g\000\355\000a}{chapter.2}% 22
\BOOKMARK [2][-]{subsection.2.5.1}{\376\377\000P\000r\000i\000m\000e\000r\000a\000\040\000L\000e\000y\000\040\000d\000e\000\040\000l\000a\000\040\000T\000e\000r\000m\000o\000d\000i\000n\000\341\000m\000i\000c\000a}{section.2.5}% 23
\BOOKMARK [2][-]{subsection.2.5.2}{\376\377\000T\000e\000m\000p\000e\000r\000a\000t\000u\000r\000a\000\040\000A\000d\000i\000a\000b\000\341\000t\000i\000c\000a\000\040\000d\000e\000\040\000L\000l\000a\000m\000a}{section.2.5}% 24
\BOOKMARK [1][-]{section.2.6}{\376\377\000T\000r\000a\000n\000s\000f\000e\000r\000e\000n\000c\000i\000a\000\040\000d\000e\000\040\000C\000a\000l\000o\000r}{chapter.2}% 25
\BOOKMARK [2][-]{subsection.2.6.1}{\376\377\000R\000e\000s\000i\000s\000t\000e\000n\000c\000i\000a\000\040\000T\000\351\000r\000m\000i\000c\000a}{section.2.6}% 26
\BOOKMARK [2][-]{subsection.2.6.2}{\376\377\000C\000o\000e\000f\000i\000c\000i\000e\000n\000t\000e\000\040\000G\000l\000o\000b\000a\000l\000\040\000d\000e\000\040\000T\000r\000a\000n\000s\000f\000e\000r\000e\000n\000c\000i\000a}{section.2.6}% 27
\BOOKMARK [1][-]{section.2.7}{\376\377\000D\000i\000n\000\341\000m\000i\000c\000a\000\040\000d\000e\000\040\000F\000l\000u\000i\000d\000o\000s}{chapter.2}% 28
\BOOKMARK [2][-]{subsection.2.7.1}{\376\377\000N\000\372\000m\000e\000r\000o\000\040\000d\000e\000\040\000R\000e\000y\000n\000o\000l\000d\000s}{section.2.7}% 29
\BOOKMARK [2][-]{subsection.2.7.2}{\376\377\000F\000a\000c\000t\000o\000r\000\040\000d\000e\000\040\000F\000r\000i\000c\000c\000i\000\363\000n}{section.2.7}% 30
\BOOKMARK [2][-]{subsection.2.7.3}{\376\377\000C\000a\000\355\000d\000a\000\040\000d\000e\000\040\000P\000r\000e\000s\000i\000\363\000n}{section.2.7}% 31
\BOOKMARK [0][-]{chapter.3}{\376\377\000I\000m\000p\000l\000e\000m\000e\000n\000t\000a\000c\000i\000\363\000n\000\040\000d\000e\000\040\000l\000o\000s\000\040\0003\0008\000\040\000C\000\341\000l\000c\000u\000l\000o\000s}{}% 32
\BOOKMARK [1][-]{section.3.1}{\376\377\000G\000r\000u\000p\000o\000\040\0001\000:\000\040\000P\000r\000o\000p\000i\000e\000d\000a\000d\000e\000s\000\040\000d\000e\000l\000\040\000C\000o\000m\000b\000u\000s\000t\000i\000b\000l\000e\000\040\000\050\000C\000\341\000l\000c\000u\000l\000o\000s\000\040\0001\000-\0006\000\051}{chapter.3}% 33
\BOOKMARK [2][-]{subsection.3.1.1}{\376\377\000C\000\341\000l\000c\000u\000l\000o\000\040\0001\000:\000\040\000C\000o\000m\000p\000o\000s\000i\000c\000i\000\363\000n\000\040\000e\000n\000\040\000B\000a\000s\000e\000\040\000H\000\372\000m\000e\000d\000a}{section.3.1}% 34
\BOOKMARK [2][-]{subsection.3.1.2}{\376\377\000C\000\341\000l\000c\000u\000l\000o\000\040\0002\000:\000\040\000P\000o\000d\000e\000r\000\040\000C\000a\000l\000o\000r\000\355\000f\000i\000c\000o\000\040\000S\000u\000p\000e\000r\000i\000o\000r}{section.3.1}% 35
\BOOKMARK [2][-]{subsection.3.1.3}{\376\377\000C\000\341\000l\000c\000u\000l\000o\000\040\0003\000:\000\040\000P\000o\000d\000e\000r\000\040\000C\000a\000l\000o\000r\000\355\000f\000i\000c\000o\000\040\000I\000n\000f\000e\000r\000i\000o\000r}{section.3.1}% 36
\BOOKMARK [2][-]{subsection.3.1.4}{\376\377\000C\000\341\000l\000c\000u\000l\000o\000\040\0004\000:\000\040\000R\000e\000l\000a\000c\000i\000\363\000n\000\040\000A\000i\000r\000e\000/\000C\000o\000m\000b\000u\000s\000t\000i\000b\000l\000e\000\040\000T\000e\000\363\000r\000i\000c\000a}{section.3.1}% 37
\BOOKMARK [2][-]{subsection.3.1.5}{\376\377\000C\000\341\000l\000c\000u\000l\000o\000\040\0005\000:\000\040\000A\000i\000r\000e\000\040\000R\000e\000a\000l\000\040\000c\000o\000n\000\040\000E\000x\000c\000e\000s\000o}{section.3.1}% 38
\BOOKMARK [2][-]{subsection.3.1.6}{\376\377\000C\000\341\000l\000c\000u\000l\000o\000\040\0006\000:\000\040\000A\000g\000u\000a\000\040\000F\000o\000r\000m\000a\000d\000a\000\040\000e\000n\000\040\000C\000o\000m\000b\000u\000s\000t\000i\000\363\000n}{section.3.1}% 39
\BOOKMARK [1][-]{section.3.2}{\376\377\000G\000r\000u\000p\000o\000\040\0002\000:\000\040\000P\000r\000o\000d\000u\000c\000t\000o\000s\000\040\000d\000e\000\040\000C\000o\000m\000b\000u\000s\000t\000i\000\363\000n\000\040\000\050\000C\000\341\000l\000c\000u\000l\000o\000s\000\040\0007\000-\0001\0002\000\051}{chapter.3}% 40
\BOOKMARK [2][-]{subsection.3.2.1}{\376\377\000C\000\341\000l\000c\000u\000l\000o\000s\000\040\0007\000-\0001\0001\000:\000\040\000P\000r\000o\000d\000u\000c\000t\000o\000s\000\040\000d\000e\000\040\000C\000o\000m\000b\000u\000s\000t\000i\000\363\000n}{section.3.2}% 41
\BOOKMARK [2][-]{subsection.3.2.2}{\376\377\000C\000\341\000l\000c\000u\000l\000o\000\040\0001\0002\000:\000\040\000F\000l\000u\000j\000o\000\040\000M\000\341\000s\000i\000c\000o\000\040\000T\000o\000t\000a\000l\000\040\000d\000e\000\040\000G\000a\000s\000e\000s}{section.3.2}% 42
\BOOKMARK [1][-]{section.3.3}{\376\377\000G\000r\000u\000p\000o\000\040\0003\000:\000\040\000B\000a\000l\000a\000n\000c\000e\000\040\000E\000n\000e\000r\000g\000\351\000t\000i\000c\000o\000\040\000\050\000C\000\341\000l\000c\000u\000l\000o\000s\000\040\0001\0003\000-\0001\0008\000\051}{chapter.3}% 43
\BOOKMARK [2][-]{subsection.3.3.1}{\376\377\000C\000\341\000l\000c\000u\000l\000o\000\040\0001\0003\000:\000\040\000E\000n\000e\000r\000g\000\355\000a\000\040\000T\000o\000t\000a\000l\000\040\000L\000i\000b\000e\000r\000a\000d\000a}{section.3.3}% 44
\BOOKMARK [2][-]{subsection.3.3.2}{\376\377\000C\000\341\000l\000c\000u\000l\000o\000\040\0001\0004\000:\000\040\000E\000n\000e\000r\000g\000\355\000a\000\040\000\332\000t\000i\000l}{section.3.3}% 45
\BOOKMARK [2][-]{subsection.3.3.3}{\376\377\000C\000\341\000l\000c\000u\000l\000o\000\040\0001\0005\000:\000\040\000T\000e\000m\000p\000e\000r\000a\000t\000u\000r\000a\000\040\000A\000d\000i\000a\000b\000\341\000t\000i\000c\000a\000\040\000d\000e\000\040\000L\000l\000a\000m\000a}{section.3.3}% 46
\BOOKMARK [2][-]{subsection.3.3.4}{\376\377\000C\000\341\000l\000c\000u\000l\000o\000\040\0001\0006\000:\000\040\000T\000e\000m\000p\000e\000r\000a\000t\000u\000r\000a\000\040\000d\000e\000\040\000G\000a\000s\000e\000s\000\040\000a\000\040\000l\000a\000\040\000S\000a\000l\000i\000d\000a}{section.3.3}% 47
\BOOKMARK [2][-]{subsection.3.3.5}{\376\377\000C\000\341\000l\000c\000u\000l\000o\000\040\0001\0007\000:\000\040\000P\000\351\000r\000d\000i\000d\000a\000s\000\040\000p\000o\000r\000\040\000C\000h\000i\000m\000e\000n\000e\000a}{section.3.3}% 48
\BOOKMARK [2][-]{subsection.3.3.6}{\376\377\000C\000\341\000l\000c\000u\000l\000o\000\040\0001\0008\000:\000\040\000E\000f\000i\000c\000i\000e\000n\000c\000i\000a\000\040\000R\000e\000a\000l}{section.3.3}% 49
\BOOKMARK [1][-]{section.3.4}{\376\377\000G\000r\000u\000p\000o\000\040\0004\000:\000\040\000D\000i\000n\000\341\000m\000i\000c\000a\000\040\000d\000e\000\040\000F\000l\000u\000i\000d\000o\000s\000\040\000\050\000C\000\341\000l\000c\000u\000l\000o\000s\000\040\0001\0009\000-\0002\0006\000\051}{chapter.3}% 50
\BOOKMARK [2][-]{subsection.3.4.1}{\376\377\000C\000\341\000l\000c\000u\000l\000o\000\040\0001\0009\000:\000\040\000D\000e\000n\000s\000i\000d\000a\000d\000\040\000d\000e\000\040\000G\000a\000s\000e\000s\000\040\000d\000e\000\040\000C\000o\000m\000b\000u\000s\000t\000i\000\363\000n}{section.3.4}% 51
\BOOKMARK [2][-]{subsection.3.4.2}{\376\377\000C\000\341\000l\000c\000u\000l\000o\000\040\0002\0000\000:\000\040\000F\000l\000u\000j\000o\000\040\000V\000o\000l\000u\000m\000\351\000t\000r\000i\000c\000o}{section.3.4}% 52
\BOOKMARK [2][-]{subsection.3.4.3}{\376\377\000C\000\341\000l\000c\000u\000l\000o\000\040\0002\0001\000:\000\040\000\301\000r\000e\000a\000\040\000d\000e\000l\000\040\000D\000u\000c\000t\000o}{section.3.4}% 53
\BOOKMARK [2][-]{subsection.3.4.4}{\376\377\000C\000\341\000l\000c\000u\000l\000o\000\040\0002\0002\000:\000\040\000V\000e\000l\000o\000c\000i\000d\000a\000d\000\040\000d\000e\000\040\000G\000a\000s\000e\000s}{section.3.4}% 54
\BOOKMARK [2][-]{subsection.3.4.5}{\376\377\000C\000\341\000l\000c\000u\000l\000o\000\040\0002\0003\000:\000\040\000N\000\372\000m\000e\000r\000o\000\040\000d\000e\000\040\000R\000e\000y\000n\000o\000l\000d\000s}{section.3.4}% 55
\BOOKMARK [2][-]{subsection.3.4.6}{\376\377\000C\000\341\000l\000c\000u\000l\000o\000\040\0002\0004\000:\000\040\000F\000a\000c\000t\000o\000r\000\040\000d\000e\000\040\000F\000r\000i\000c\000c\000i\000\363\000n}{section.3.4}% 56
\BOOKMARK [2][-]{subsection.3.4.7}{\376\377\000C\000\341\000l\000c\000u\000l\000o\000\040\0002\0005\000:\000\040\000C\000a\000\355\000d\000a\000\040\000d\000e\000\040\000P\000r\000e\000s\000i\000\363\000n\000\040\000p\000o\000r\000\040\000M\000e\000t\000r\000o}{section.3.4}% 57
\BOOKMARK [2][-]{subsection.3.4.8}{\376\377\000C\000\341\000l\000c\000u\000l\000o\000\040\0002\0006\000:\000\040\000R\000\351\000g\000i\000m\000e\000n\000\040\000d\000e\000\040\000F\000l\000u\000j\000o}{section.3.4}% 58
\BOOKMARK [1][-]{section.3.5}{\376\377\000G\000r\000u\000p\000o\000\040\0005\000:\000\040\000T\000r\000a\000n\000s\000f\000e\000r\000e\000n\000c\000i\000a\000\040\000d\000e\000\040\000C\000a\000l\000o\000r\000\040\000\050\000C\000\341\000l\000c\000u\000l\000o\000s\000\040\0002\0007\000-\0003\0002\000\051}{chapter.3}% 59
\BOOKMARK [2][-]{subsection.3.5.1}{\376\377\000C\000\341\000l\000c\000u\000l\000o\000\040\0002\0007\000:\000\040\000R\000e\000s\000i\000s\000t\000e\000n\000c\000i\000a\000\040\000T\000\351\000r\000m\000i\000c\000a\000\040\000T\000o\000t\000a\000l}{section.3.5}% 60
\BOOKMARK [2][-]{subsection.3.5.2}{\376\377\000C\000\341\000l\000c\000u\000l\000o\000\040\0002\0008\000:\000\040\000C\000o\000e\000f\000i\000c\000i\000e\000n\000t\000e\000\040\000G\000l\000o\000b\000a\000l\000\040\000U}{section.3.5}% 61
\BOOKMARK [2][-]{subsection.3.5.3}{\376\377\000C\000\341\000l\000c\000u\000l\000o\000\040\0002\0009\000:\000\040\000P\000\351\000r\000d\000i\000d\000a\000\040\000d\000e\000\040\000C\000a\000l\000o\000r\000\040\000p\000o\000r\000\040\000M\000e\000t\000r\000o}{section.3.5}% 62
\BOOKMARK [2][-]{subsection.3.5.4}{\376\377\000C\000\341\000l\000c\000u\000l\000o\000\040\0003\0000\000:\000\040\000T\000e\000m\000p\000e\000r\000a\000t\000u\000r\000a\000\040\000d\000e\000\040\000P\000a\000r\000e\000d\000\040\000E\000x\000t\000e\000r\000n\000a}{section.3.5}% 63
\BOOKMARK [2][-]{subsection.3.5.5}{\376\377\000C\000\341\000l\000c\000u\000l\000o\000\040\0003\0001\000:\000\040\000G\000r\000a\000d\000i\000e\000n\000t\000e\000\040\000e\000n\000\040\000R\000e\000f\000r\000a\000c\000t\000a\000r\000i\000o}{section.3.5}% 64
\BOOKMARK [2][-]{subsection.3.5.6}{\376\377\000C\000\341\000l\000c\000u\000l\000o\000\040\0003\0002\000:\000\040\000E\000f\000i\000c\000i\000e\000n\000c\000i\000a\000\040\000d\000e\000\040\000A\000i\000s\000l\000a\000m\000i\000e\000n\000t\000o}{section.3.5}% 65
\BOOKMARK [1][-]{section.3.6}{\376\377\000G\000r\000u\000p\000o\000\040\0006\000:\000\040\000P\000r\000o\000p\000i\000e\000d\000a\000d\000e\000s\000\040\000d\000e\000l\000\040\000A\000i\000r\000e\000\040\000\050\000C\000\341\000l\000c\000u\000l\000o\000s\000\040\0003\0003\000-\0003\0005\000\051}{chapter.3}% 66
\BOOKMARK [2][-]{subsection.3.6.1}{\376\377\000C\000\341\000l\000c\000u\000l\000o\000\040\0003\0003\000:\000\040\000P\000r\000e\000s\000i\000\363\000n\000\040\000d\000e\000\040\000V\000a\000p\000o\000r\000\040\000S\000a\000t\000u\000r\000a\000d\000o}{section.3.6}% 67
\BOOKMARK [2][-]{subsection.3.6.2}{\376\377\000C\000\341\000l\000c\000u\000l\000o\000\040\0003\0004\000:\000\040\000H\000u\000m\000e\000d\000a\000d\000\040\000A\000b\000s\000o\000l\000u\000t\000a}{section.3.6}% 68
\BOOKMARK [2][-]{subsection.3.6.3}{\376\377\000C\000\341\000l\000c\000u\000l\000o\000\040\0003\0005\000:\000\040\000E\000n\000t\000a\000l\000p\000\355\000a\000\040\000d\000e\000l\000\040\000A\000i\000r\000e\000\040\000H\000\372\000m\000e\000d\000o}{section.3.6}% 69
\BOOKMARK [1][-]{section.3.7}{\376\377\000G\000r\000u\000p\000o\000\040\0007\000:\000\040\000E\000m\000i\000s\000i\000o\000n\000e\000s\000\040\000\050\000C\000\341\000l\000c\000u\000l\000o\000s\000\040\0003\0006\000-\0003\0008\000\051}{chapter.3}% 70
\BOOKMARK [2][-]{subsection.3.7.1}{\376\377\000C\000\341\000l\000c\000u\000l\000o\000\040\0003\0006\000:\000\040\000F\000a\000c\000t\000o\000r\000\040\000d\000e\000\040\000E\000m\000i\000s\000i\000\363\000n\000\040\000d\000e\000\040\000C\000O\0002}{section.3.7}% 71
\BOOKMARK [2][-]{subsection.3.7.2}{\376\377\000C\000\341\000l\000c\000u\000l\000o\000\040\0003\0007\000:\000\040\000C\000o\000n\000c\000e\000n\000t\000r\000a\000c\000i\000\363\000n\000\040\000d\000e\000\040\000C\000O\0002\000\040\000e\000n\000\040\000G\000a\000s\000e\000s\000\040\000S\000e\000c\000o\000s}{section.3.7}% 72
\BOOKMARK [2][-]{subsection.3.7.3}{\376\377\000C\000\341\000l\000c\000u\000l\000o\000\040\0003\0008\000:\000\040\000P\000o\000d\000e\000r\000\040\000C\000a\000l\000o\000r\000\355\000f\000i\000c\000o\000\040\000V\000o\000l\000u\000m\000\351\000t\000r\000i\000c\000o}{section.3.7}% 73
\BOOKMARK [0][-]{chapter.4}{\376\377\000V\000a\000l\000i\000d\000a\000c\000i\000\363\000n\000\040\000y\000\040\000C\000a\000s\000o\000s\000\040\000d\000e\000\040\000E\000s\000t\000u\000d\000i\000o}{}% 74
\BOOKMARK [1][-]{section.4.1}{\376\377\000M\000e\000t\000o\000d\000o\000l\000o\000g\000\355\000a\000\040\000d\000e\000\040\000V\000a\000l\000i\000d\000a\000c\000i\000\363\000n}{chapter.4}% 75
\BOOKMARK [1][-]{section.4.2}{\376\377\000C\000a\000s\000o\000\040\000d\000e\000\040\000E\000s\000t\000u\000d\000i\000o\000\040\0001\000:\000\040\000H\000o\000r\000n\000o\000\040\000d\000e\000\040\000B\000a\000g\000a\000z\000o\000\040\000-\000\040\000B\000o\000g\000o\000t\000\341}{chapter.4}% 76
\BOOKMARK [2][-]{subsection.4.2.1}{\376\377\000D\000a\000t\000o\000s\000\040\000d\000e\000\040\000E\000n\000t\000r\000a\000d\000a}{section.4.2}% 77
\BOOKMARK [2][-]{subsection.4.2.2}{\376\377\000R\000e\000s\000u\000l\000t\000a\000d\000o\000s\000\040\000P\000r\000i\000n\000c\000i\000p\000a\000l\000e\000s}{section.4.2}% 78
\BOOKMARK [1][-]{section.4.3}{\376\377\000V\000a\000l\000i\000d\000a\000c\000i\000\363\000n\000\040\000E\000x\000p\000e\000r\000i\000m\000e\000n\000t\000a\000l}{chapter.4}% 79
\BOOKMARK [0][-]{chapter.5}{\376\377\000I\000n\000t\000e\000r\000p\000r\000e\000t\000a\000c\000i\000\363\000n\000\040\000d\000e\000\040\000R\000e\000s\000u\000l\000t\000a\000d\000o\000s}{}% 80
\BOOKMARK [1][-]{section.5.1}{\376\377\000K\000P\000I\000s\000\040\000C\000l\000a\000v\000e\000\040\000d\000e\000\040\000R\000e\000n\000d\000i\000m\000i\000e\000n\000t\000o}{chapter.5}% 81
\BOOKMARK [2][-]{subsection.5.1.1}{\376\377\000E\000f\000i\000c\000i\000e\000n\000c\000i\000a\000\040\000E\000n\000e\000r\000g\000\351\000t\000i\000c\000a}{section.5.1}% 82
\BOOKMARK [2][-]{subsection.5.1.2}{\376\377\000V\000e\000l\000o\000c\000i\000d\000a\000d\000\040\000d\000e\000\040\000G\000a\000s\000e\000s}{section.5.1}% 83
\BOOKMARK [2][-]{subsection.5.1.3}{\376\377\000T\000e\000m\000p\000e\000r\000a\000t\000u\000r\000a\000\040\000d\000e\000\040\000S\000a\000l\000i\000d\000a}{section.5.1}% 84
\BOOKMARK [1][-]{section.5.2}{\376\377\000R\000e\000c\000o\000m\000e\000n\000d\000a\000c\000i\000o\000n\000e\000s\000\040\000O\000p\000e\000r\000a\000t\000i\000v\000a\000s}{chapter.5}% 85
\BOOKMARK [2][-]{subsection.5.2.1}{\376\377\000B\000a\000s\000e\000\040\000e\000n\000\040\000R\000e\000s\000u\000l\000t\000a\000d\000o\000s\000\040\000d\000e\000l\000\040\000S\000o\000f\000t\000w\000a\000r\000e}{section.5.2}% 86
\BOOKMARK [1][-]{section.5.3}{\376\377\000A\000l\000e\000r\000t\000a\000s\000\040\000A\000u\000t\000o\000m\000\341\000t\000i\000c\000a\000s}{chapter.5}% 87
\BOOKMARK [0][-]{appendix.Alph1}{\376\377\000C\000o\000n\000s\000t\000a\000n\000t\000e\000s\000\040\000y\000\040\000P\000r\000o\000p\000i\000e\000d\000a\000d\000e\000s}{}% 88
\BOOKMARK [1][-]{section.Alph1.1}{\376\377\000C\000o\000n\000s\000t\000a\000n\000t\000e\000s\000\040\000F\000\355\000s\000i\000c\000a\000s\000\040\000F\000u\000n\000d\000a\000m\000e\000n\000t\000a\000l\000e\000s}{appendix.Alph1}% 89
\BOOKMARK [1][-]{section.Alph1.2}{\376\377\000P\000r\000o\000p\000i\000e\000d\000a\000d\000e\000s\000\040\000d\000e\000\040\000C\000o\000m\000b\000u\000s\000t\000i\000b\000l\000e\000s\000\040\000T\000\355\000p\000i\000c\000o\000s}{appendix.Alph1}% 90
\BOOKMARK [0][-]{appendix.Alph2}{\376\377\000C\000\363\000d\000i\000g\000o\000\040\000F\000u\000e\000n\000t\000e\000\040\000S\000e\000l\000e\000c\000t\000i\000v\000o}{}% 91
\BOOKMARK [1][-]{section.Alph2.1}{\376\377\000E\000j\000e\000m\000p\000l\000o\000\040\000d\000e\000\040\000I\000m\000p\000l\000e\000m\000e\000n\000t\000a\000c\000i\000\363\000n\000\040\000-\000\040\000T\000e\000m\000p\000e\000r\000a\000t\000u\000r\000a\000\040\000A\000d\000i\000a\000b\000\341\000t\000i\000c\000a}{appendix.Alph2}% 92
